2021-05-14 13:02:06,903:INFO:Initializing load_model()
2021-05-14 13:02:06,903:INFO:load_model(model_name=model, platform=None, authentication=None, verbose=True)
2021-05-14 13:02:40,377:INFO:Initializing load_model()
2021-05-14 13:02:40,377:INFO:load_model(model_name=model, platform=None, authentication=None, verbose=True)
2021-05-14 13:02:43,667:INFO:Initializing load_model()
2021-05-14 13:02:43,668:INFO:load_model(model_name=model, platform=None, authentication=None, verbose=True)
2021-05-14 13:03:18,130:INFO:Initializing predict_model()
2021-05-14 13:03:18,130:INFO:predict_model(estimator=Pipeline(steps=[('dtypes',
                 DataTypes_Auto_infer(categorical_features=['job', 'marital',
                                                            'education',
                                                            'housing', 'loan',
                                                            'contact', 'month',
                                                            'day_of_week',
                                                            'poutcome'],
                                      ml_usecase='classification',
                                      numerical_features=['age', 'duration',
                                                          'campaign', 'pdays',
                                                          'previous',
                                                          'emp.var.rate',
                                                          'cons.price.idx',
                                                          'cons.conf.idx',
                                                          'euribor3m',
                                                          'nr.employed'],
                                      target='y')),
                ('imputer...
                ('cluster_all', 'passthrough'), ('dummy', Dummify(target='y')),
                ('fix_perfect', Remove_100(target='y')),
                ('clean_names', Clean_Colum_Names()),
                ('feature_select', 'passthrough'),
                ('fix_multi',
                 Fix_multicollinearity(correlation_with_target_preference=None,
                                       target_variable='y', threshold=0.95)),
                ('dfs', 'passthrough'), ('pca', 'passthrough'),
                ['trained_model', LGBMClassifier(random_state=234)]]), probability_threshold=None, encoded_labels=True, raw_score=False, round=0, verbose=True, ml_usecase=MLUsecase.REGRESSION, display=None)
2021-05-14 13:03:18,130:INFO:Checking exceptions
2021-05-14 13:03:18,130:INFO:Preloading libraries
2021-05-14 13:03:22,657:INFO:Initializing load_model()
2021-05-14 13:03:22,657:INFO:load_model(model_name=model, platform=None, authentication=None, verbose=True)
2021-05-14 13:04:14,434:INFO:Initializing predict_model()
2021-05-14 13:04:14,434:INFO:predict_model(estimator=Pipeline(steps=[('dtypes',
                 DataTypes_Auto_infer(categorical_features=['job', 'marital',
                                                            'education',
                                                            'housing', 'loan',
                                                            'contact', 'month',
                                                            'day_of_week',
                                                            'poutcome'],
                                      ml_usecase='classification',
                                      numerical_features=['age', 'duration',
                                                          'campaign', 'pdays',
                                                          'previous',
                                                          'emp.var.rate',
                                                          'cons.price.idx',
                                                          'cons.conf.idx',
                                                          'euribor3m',
                                                          'nr.employed'],
                                      target='y')),
                ('imputer...
                ('cluster_all', 'passthrough'), ('dummy', Dummify(target='y')),
                ('fix_perfect', Remove_100(target='y')),
                ('clean_names', Clean_Colum_Names()),
                ('feature_select', 'passthrough'),
                ('fix_multi',
                 Fix_multicollinearity(correlation_with_target_preference=None,
                                       target_variable='y', threshold=0.95)),
                ('dfs', 'passthrough'), ('pca', 'passthrough'),
                ['trained_model', LGBMClassifier(random_state=234)]]), probability_threshold=None, encoded_labels=True, raw_score=False, round=0, verbose=True, ml_usecase=MLUsecase.REGRESSION, display=None)
2021-05-14 13:04:14,434:INFO:Checking exceptions
2021-05-14 13:04:14,434:INFO:Preloading libraries
2021-05-14 15:38:45,396:INFO:Initializing load_model()
2021-05-14 15:38:45,396:INFO:load_model(model_name=model, platform=None, authentication=None, verbose=True)
2021-05-14 15:38:48,569:INFO:Initializing load_model()
2021-05-14 15:38:48,569:INFO:load_model(model_name=model, platform=None, authentication=None, verbose=True)
2021-12-20 15:58:23,201:INFO:mlflow==1.7.0
2021-12-20 15:58:23,202:INFO:Checking Exceptions
2021-12-20 15:58:23,202:INFO:Declaring global variables
2021-12-20 15:58:23,202:INFO:USI: f2f3
2021-12-20 15:58:23,202:INFO:pycaret_globals: {'imputation_regressor', '_all_models_internal', '_all_metrics', 'n_jobs_param', 'y', 'html_param', 'gpu_param', 'target_param', 'prep_pipe', 'master_model_container', 'data_before_preprocess', 'fix_imbalance_method_param', 'X_train', '_ml_usecase', 'iterative_imputation_iters_param', 'exp_name_log', '_available_plots', 'y_test', 'pycaret_globals', 'fold_groups_param', 'y_train', '_gpu_n_jobs_param', 'stratify_param', 'seed', 'create_model_container', 'fold_param', 'X', 'fold_generator', 'X_test', 'USI', 'log_plots_param', 'fix_imbalance_param', '_all_models', 'experiment__', '_internal_pipeline', 'imputation_classifier', 'fold_shuffle_param', 'display_container', 'transform_target_method_param', 'logging_param', 'transform_target_param'}
2021-12-20 15:58:23,202:INFO:Preparing display monitor
2021-12-20 15:58:23,202:INFO:Preparing display monitor
2021-12-20 15:58:23,211:INFO:Importing libraries
2021-12-20 15:58:23,211:INFO:Copying data for preprocessing
2021-12-20 15:58:23,219:INFO:Declaring preprocessing parameters
2021-12-20 15:58:23,228:INFO:Creating preprocessing pipeline
2021-12-20 15:58:23,275:INFO:Preprocessing pipeline created successfully
2021-12-20 15:58:23,275:ERROR:(Process Exit): setup has been interupted with user command 'quit'. setup must rerun.
2021-12-20 15:58:23,275:INFO:Creating global containers
2021-12-20 15:58:23,277:INFO:Internal pipeline: Pipeline(memory=None,
         steps=[('fix_imbalance',
                 SMOTE(k_neighbors=5, n_jobs=None, random_state=234,
                       sampling_strategy='auto'))],
         verbose=False)
2021-12-20 15:58:26,289:INFO:Creating grid variables
2021-12-20 15:58:26,314:INFO:create_model_container: 0
2021-12-20 15:58:26,314:INFO:master_model_container: 0
2021-12-20 15:58:26,314:INFO:display_container: 1
2021-12-20 15:58:26,318:INFO:Pipeline(memory=None,
         steps=[('dtypes',
                 DataTypes_Auto_infer(categorical_features=['job', 'marital',
                                                            'education',
                                                            'default',
                                                            'housing', 'loan',
                                                            'contact', 'month',
                                                            'day_of_week',
                                                            'poutcome'],
                                      display_types=True, features_todrop=[],
                                      id_columns=[],
                                      ml_usecase='classification',
                                      numerical_features=['age', 'campaign',
                                                          'pdays', 'previous',
                                                          'emp.var.rate',
                                                          'cons.price.idx',
                                                          'c...
                ('cluster_all', 'passthrough'), ('dummy', Dummify(target='y')),
                ('fix_perfect', Remove_100(target='y')),
                ('clean_names', Clean_Colum_Names()),
                ('feature_select', 'passthrough'),
                ('fix_multi',
                 Fix_multicollinearity(correlation_with_target_preference=None,
                                       correlation_with_target_threshold=0.0,
                                       target_variable='y', threshold=0.95)),
                ('dfs', 'passthrough'), ('pca', 'passthrough')],
         verbose=False)
2021-12-20 15:58:26,318:INFO:setup() succesfully completed......................................
2021-12-20 15:58:35,380:INFO:Initializing compare_models()
2021-12-20 15:58:35,380:INFO:compare_models(include=None, fold=None, round=4, cross_validation=True, sort=AUC, n_select=5, budget_time=None, turbo=True, errors=ignore, fit_kwargs=None, groups=None, verbose=True, display=None, exclude=None)
2021-12-20 15:58:35,380:INFO:Checking exceptions
2021-12-20 15:58:35,383:INFO:Preparing display monitor
2021-12-20 15:58:35,383:INFO:Preparing display monitor
2021-12-20 15:58:35,406:INFO:Initializing Logistic Regression
2021-12-20 15:58:35,406:INFO:Total runtime is 5.332628885904948e-06 minutes
2021-12-20 15:58:35,413:INFO:SubProcess create_model() called ==================================
2021-12-20 15:58:35,413:INFO:Initializing create_model()
2021-12-20 15:58:35,413:INFO:create_model(estimator=lr, fold=StratifiedKFold(n_splits=10, random_state=234, shuffle=False), round=4, cross_validation=True, predict=True, fit_kwargs={}, groups=None, refit=False, verbose=False, system=False, metrics=None, display=<pycaret.internal.Display.Display object at 0x7fcc809d8ee0>, kwargs={})
2021-12-20 15:58:35,413:INFO:Checking exceptions
2021-12-20 15:58:35,413:INFO:Importing libraries
2021-12-20 15:58:35,413:INFO:Copying training dataset
2021-12-20 15:58:35,415:INFO:Defining folds
2021-12-20 15:58:35,415:INFO:Declaring metric variables
2021-12-20 15:58:35,419:INFO:Importing untrained model
2021-12-20 15:58:35,424:INFO:Logistic Regression Imported succesfully
2021-12-20 15:58:35,435:INFO:Starting cross validation
2021-12-20 15:58:35,436:INFO:Cross validating with StratifiedKFold(n_splits=10, random_state=234, shuffle=False), n_jobs=-1
2021-12-20 15:58:41,358:INFO:Calculating mean and std
2021-12-20 15:58:41,360:INFO:Creating metrics dataframe
2021-12-20 15:58:41,367:INFO:Uploading results into container
2021-12-20 15:58:41,367:INFO:Uploading model into container now
2021-12-20 15:58:41,367:INFO:create_model_container: 1
2021-12-20 15:58:41,367:INFO:master_model_container: 1
2021-12-20 15:58:41,367:INFO:display_container: 2
2021-12-20 15:58:41,368:INFO:LogisticRegression(C=1.0, class_weight=None, dual=False, fit_intercept=True,
                   intercept_scaling=1, l1_ratio=None, max_iter=1000,
                   multi_class='auto', n_jobs=None, penalty='l2',
                   random_state=234, solver='lbfgs', tol=0.0001, verbose=0,
                   warm_start=False)
2021-12-20 15:58:41,368:INFO:create_model() succesfully completed......................................
2021-12-20 15:58:41,442:INFO:SubProcess create_model() end ==================================
2021-12-20 15:58:41,443:INFO:Creating metrics dataframe
2021-12-20 15:58:41,452:INFO:Initializing K Neighbors Classifier
2021-12-20 15:58:41,452:INFO:Total runtime is 0.10076391696929932 minutes
2021-12-20 15:58:41,457:INFO:SubProcess create_model() called ==================================
2021-12-20 15:58:41,457:INFO:Initializing create_model()
2021-12-20 15:58:41,457:INFO:create_model(estimator=knn, fold=StratifiedKFold(n_splits=10, random_state=234, shuffle=False), round=4, cross_validation=True, predict=True, fit_kwargs={}, groups=None, refit=False, verbose=False, system=False, metrics=None, display=<pycaret.internal.Display.Display object at 0x7fcc809d8ee0>, kwargs={})
2021-12-20 15:58:41,457:INFO:Checking exceptions
2021-12-20 15:58:41,457:INFO:Importing libraries
2021-12-20 15:58:41,457:INFO:Copying training dataset
2021-12-20 15:58:41,460:INFO:Defining folds
2021-12-20 15:58:41,460:INFO:Declaring metric variables
2021-12-20 15:58:41,465:INFO:Importing untrained model
2021-12-20 15:58:41,470:INFO:K Neighbors Classifier Imported succesfully
2021-12-20 15:58:41,479:INFO:Starting cross validation
2021-12-20 15:58:41,479:INFO:Cross validating with StratifiedKFold(n_splits=10, random_state=234, shuffle=False), n_jobs=-1
2021-12-20 15:59:07,352:INFO:Calculating mean and std
2021-12-20 15:59:07,353:INFO:Creating metrics dataframe
2021-12-20 15:59:07,357:INFO:Uploading results into container
2021-12-20 15:59:07,357:INFO:Uploading model into container now
2021-12-20 15:59:07,358:INFO:create_model_container: 2
2021-12-20 15:59:07,358:INFO:master_model_container: 2
2021-12-20 15:59:07,358:INFO:display_container: 2
2021-12-20 15:59:07,358:INFO:KNeighborsClassifier(algorithm='auto', leaf_size=30, metric='minkowski',
                     metric_params=None, n_jobs=-1, n_neighbors=5, p=2,
                     weights='uniform')
2021-12-20 15:59:07,358:INFO:create_model() succesfully completed......................................
2021-12-20 15:59:07,412:INFO:SubProcess create_model() end ==================================
2021-12-20 15:59:07,413:INFO:Creating metrics dataframe
2021-12-20 15:59:07,422:INFO:Initializing Naive Bayes
2021-12-20 15:59:07,422:INFO:Total runtime is 0.5336051146189371 minutes
2021-12-20 15:59:07,427:INFO:SubProcess create_model() called ==================================
2021-12-20 15:59:07,427:INFO:Initializing create_model()
2021-12-20 15:59:07,427:INFO:create_model(estimator=nb, fold=StratifiedKFold(n_splits=10, random_state=234, shuffle=False), round=4, cross_validation=True, predict=True, fit_kwargs={}, groups=None, refit=False, verbose=False, system=False, metrics=None, display=<pycaret.internal.Display.Display object at 0x7fcc809d8ee0>, kwargs={})
2021-12-20 15:59:07,427:INFO:Checking exceptions
2021-12-20 15:59:07,427:INFO:Importing libraries
2021-12-20 15:59:07,427:INFO:Copying training dataset
2021-12-20 15:59:07,428:INFO:Defining folds
2021-12-20 15:59:07,428:INFO:Declaring metric variables
2021-12-20 15:59:07,432:INFO:Importing untrained model
2021-12-20 15:59:07,437:INFO:Naive Bayes Imported succesfully
2021-12-20 15:59:07,446:INFO:Starting cross validation
2021-12-20 15:59:07,447:INFO:Cross validating with StratifiedKFold(n_splits=10, random_state=234, shuffle=False), n_jobs=-1
2021-12-20 15:59:08,443:INFO:Calculating mean and std
2021-12-20 15:59:08,444:INFO:Creating metrics dataframe
2021-12-20 15:59:08,449:INFO:Uploading results into container
2021-12-20 15:59:08,449:INFO:Uploading model into container now
2021-12-20 15:59:08,450:INFO:create_model_container: 3
2021-12-20 15:59:08,450:INFO:master_model_container: 3
2021-12-20 15:59:08,450:INFO:display_container: 2
2021-12-20 15:59:08,450:INFO:GaussianNB(priors=None, var_smoothing=1e-09)
2021-12-20 15:59:08,450:INFO:create_model() succesfully completed......................................
2021-12-20 15:59:08,505:INFO:SubProcess create_model() end ==================================
2021-12-20 15:59:08,505:INFO:Creating metrics dataframe
2021-12-20 15:59:08,515:INFO:Initializing Decision Tree Classifier
2021-12-20 15:59:08,515:INFO:Total runtime is 0.5518207470575968 minutes
2021-12-20 15:59:08,520:INFO:SubProcess create_model() called ==================================
2021-12-20 15:59:08,520:INFO:Initializing create_model()
2021-12-20 15:59:08,520:INFO:create_model(estimator=dt, fold=StratifiedKFold(n_splits=10, random_state=234, shuffle=False), round=4, cross_validation=True, predict=True, fit_kwargs={}, groups=None, refit=False, verbose=False, system=False, metrics=None, display=<pycaret.internal.Display.Display object at 0x7fcc809d8ee0>, kwargs={})
2021-12-20 15:59:08,520:INFO:Checking exceptions
2021-12-20 15:59:08,520:INFO:Importing libraries
2021-12-20 15:59:08,520:INFO:Copying training dataset
2021-12-20 15:59:08,521:INFO:Defining folds
2021-12-20 15:59:08,521:INFO:Declaring metric variables
2021-12-20 15:59:08,526:INFO:Importing untrained model
2021-12-20 15:59:08,530:INFO:Decision Tree Classifier Imported succesfully
2021-12-20 15:59:08,539:INFO:Starting cross validation
2021-12-20 15:59:08,540:INFO:Cross validating with StratifiedKFold(n_splits=10, random_state=234, shuffle=False), n_jobs=-1
2021-12-20 15:59:10,294:INFO:Calculating mean and std
2021-12-20 15:59:10,295:INFO:Creating metrics dataframe
2021-12-20 15:59:10,300:INFO:Uploading results into container
2021-12-20 15:59:10,300:INFO:Uploading model into container now
2021-12-20 15:59:10,300:INFO:create_model_container: 4
2021-12-20 15:59:10,300:INFO:master_model_container: 4
2021-12-20 15:59:10,300:INFO:display_container: 2
2021-12-20 15:59:10,301:INFO:DecisionTreeClassifier(ccp_alpha=0.0, class_weight=None, criterion='gini',
                       max_depth=None, max_features=None, max_leaf_nodes=None,
                       min_impurity_decrease=0.0, min_impurity_split=None,
                       min_samples_leaf=1, min_samples_split=2,
                       min_weight_fraction_leaf=0.0, presort='deprecated',
                       random_state=234, splitter='best')
2021-12-20 15:59:10,301:INFO:create_model() succesfully completed......................................
2021-12-20 15:59:10,355:INFO:SubProcess create_model() end ==================================
2021-12-20 15:59:10,355:INFO:Creating metrics dataframe
2021-12-20 15:59:10,366:INFO:Initializing SVM - Linear Kernel
2021-12-20 15:59:10,366:INFO:Total runtime is 0.582663063208262 minutes
2021-12-20 15:59:10,370:INFO:SubProcess create_model() called ==================================
2021-12-20 15:59:10,370:INFO:Initializing create_model()
2021-12-20 15:59:10,370:INFO:create_model(estimator=svm, fold=StratifiedKFold(n_splits=10, random_state=234, shuffle=False), round=4, cross_validation=True, predict=True, fit_kwargs={}, groups=None, refit=False, verbose=False, system=False, metrics=None, display=<pycaret.internal.Display.Display object at 0x7fcc809d8ee0>, kwargs={})
2021-12-20 15:59:10,370:INFO:Checking exceptions
2021-12-20 15:59:10,370:INFO:Importing libraries
2021-12-20 15:59:10,371:INFO:Copying training dataset
2021-12-20 15:59:10,372:INFO:Defining folds
2021-12-20 15:59:10,372:INFO:Declaring metric variables
2021-12-20 15:59:10,376:INFO:Importing untrained model
2021-12-20 15:59:10,381:INFO:SVM - Linear Kernel Imported succesfully
2021-12-20 15:59:10,391:INFO:Starting cross validation
2021-12-20 15:59:10,391:INFO:Cross validating with StratifiedKFold(n_splits=10, random_state=234, shuffle=False), n_jobs=-1
2021-12-20 15:59:12,387:INFO:Calculating mean and std
2021-12-20 15:59:12,388:INFO:Creating metrics dataframe
2021-12-20 15:59:12,393:INFO:Uploading results into container
2021-12-20 15:59:12,393:INFO:Uploading model into container now
2021-12-20 15:59:12,394:INFO:create_model_container: 5
2021-12-20 15:59:12,394:INFO:master_model_container: 5
2021-12-20 15:59:12,394:INFO:display_container: 2
2021-12-20 15:59:12,394:INFO:SGDClassifier(alpha=0.0001, average=False, class_weight=None,
              early_stopping=False, epsilon=0.1, eta0=0.001, fit_intercept=True,
              l1_ratio=0.15, learning_rate='optimal', loss='hinge',
              max_iter=1000, n_iter_no_change=5, n_jobs=-1, penalty='l2',
              power_t=0.5, random_state=234, shuffle=True, tol=0.001,
              validation_fraction=0.1, verbose=0, warm_start=False)
2021-12-20 15:59:12,394:INFO:create_model() succesfully completed......................................
2021-12-20 15:59:12,449:INFO:SubProcess create_model() end ==================================
2021-12-20 15:59:12,449:INFO:Creating metrics dataframe
2021-12-20 15:59:12,460:INFO:Initializing Ridge Classifier
2021-12-20 15:59:12,460:INFO:Total runtime is 0.6175667961438496 minutes
2021-12-20 15:59:12,464:INFO:SubProcess create_model() called ==================================
2021-12-20 15:59:12,465:INFO:Initializing create_model()
2021-12-20 15:59:12,465:INFO:create_model(estimator=ridge, fold=StratifiedKFold(n_splits=10, random_state=234, shuffle=False), round=4, cross_validation=True, predict=True, fit_kwargs={}, groups=None, refit=False, verbose=False, system=False, metrics=None, display=<pycaret.internal.Display.Display object at 0x7fcc809d8ee0>, kwargs={})
2021-12-20 15:59:12,465:INFO:Checking exceptions
2021-12-20 15:59:12,465:INFO:Importing libraries
2021-12-20 15:59:12,465:INFO:Copying training dataset
2021-12-20 15:59:12,466:INFO:Defining folds
2021-12-20 15:59:12,466:INFO:Declaring metric variables
2021-12-20 15:59:12,470:INFO:Importing untrained model
2021-12-20 15:59:12,474:INFO:Ridge Classifier Imported succesfully
2021-12-20 15:59:12,485:INFO:Starting cross validation
2021-12-20 15:59:12,486:INFO:Cross validating with StratifiedKFold(n_splits=10, random_state=234, shuffle=False), n_jobs=-1
2021-12-20 15:59:16,540:INFO:Calculating mean and std
2021-12-20 15:59:16,542:INFO:Creating metrics dataframe
2021-12-20 15:59:16,547:INFO:Uploading results into container
2021-12-20 15:59:16,547:INFO:Uploading model into container now
2021-12-20 15:59:16,547:INFO:create_model_container: 6
2021-12-20 15:59:16,547:INFO:master_model_container: 6
2021-12-20 15:59:16,548:INFO:display_container: 2
2021-12-20 15:59:16,548:INFO:RidgeClassifier(alpha=1.0, class_weight=None, copy_X=True, fit_intercept=True,
                max_iter=None, normalize=False, random_state=234, solver='auto',
                tol=0.001)
2021-12-20 15:59:16,548:INFO:create_model() succesfully completed......................................
2021-12-20 15:59:16,612:INFO:SubProcess create_model() end ==================================
2021-12-20 15:59:16,613:INFO:Creating metrics dataframe
2021-12-20 15:59:16,624:INFO:Initializing Random Forest Classifier
2021-12-20 15:59:16,624:INFO:Total runtime is 0.686964432398478 minutes
2021-12-20 15:59:16,628:INFO:SubProcess create_model() called ==================================
2021-12-20 15:59:16,628:INFO:Initializing create_model()
2021-12-20 15:59:16,628:INFO:create_model(estimator=rf, fold=StratifiedKFold(n_splits=10, random_state=234, shuffle=False), round=4, cross_validation=True, predict=True, fit_kwargs={}, groups=None, refit=False, verbose=False, system=False, metrics=None, display=<pycaret.internal.Display.Display object at 0x7fcc809d8ee0>, kwargs={})
2021-12-20 15:59:16,628:INFO:Checking exceptions
2021-12-20 15:59:16,629:INFO:Importing libraries
2021-12-20 15:59:16,629:INFO:Copying training dataset
2021-12-20 15:59:16,631:INFO:Defining folds
2021-12-20 15:59:16,631:INFO:Declaring metric variables
2021-12-20 15:59:16,636:INFO:Importing untrained model
2021-12-20 15:59:16,640:INFO:Random Forest Classifier Imported succesfully
2021-12-20 15:59:16,649:INFO:Starting cross validation
2021-12-20 15:59:16,650:INFO:Cross validating with StratifiedKFold(n_splits=10, random_state=234, shuffle=False), n_jobs=-1
2021-12-20 15:59:28,933:INFO:Calculating mean and std
2021-12-20 15:59:28,936:INFO:Creating metrics dataframe
2021-12-20 15:59:28,940:INFO:Uploading results into container
2021-12-20 15:59:28,941:INFO:Uploading model into container now
2021-12-20 15:59:28,941:INFO:create_model_container: 7
2021-12-20 15:59:28,941:INFO:master_model_container: 7
2021-12-20 15:59:28,941:INFO:display_container: 2
2021-12-20 15:59:28,941:INFO:RandomForestClassifier(bootstrap=True, ccp_alpha=0.0, class_weight=None,
                       criterion='gini', max_depth=None, max_features='auto',
                       max_leaf_nodes=None, max_samples=None,
                       min_impurity_decrease=0.0, min_impurity_split=None,
                       min_samples_leaf=1, min_samples_split=2,
                       min_weight_fraction_leaf=0.0, n_estimators=100,
                       n_jobs=-1, oob_score=False, random_state=234, verbose=0,
                       warm_start=False)
2021-12-20 15:59:28,942:INFO:create_model() succesfully completed......................................
2021-12-20 15:59:29,006:INFO:SubProcess create_model() end ==================================
2021-12-20 15:59:29,006:INFO:Creating metrics dataframe
2021-12-20 15:59:29,018:INFO:Initializing Quadratic Discriminant Analysis
2021-12-20 15:59:29,018:INFO:Total runtime is 0.8935293634732563 minutes
2021-12-20 15:59:29,022:INFO:SubProcess create_model() called ==================================
2021-12-20 15:59:29,022:INFO:Initializing create_model()
2021-12-20 15:59:29,022:INFO:create_model(estimator=qda, fold=StratifiedKFold(n_splits=10, random_state=234, shuffle=False), round=4, cross_validation=True, predict=True, fit_kwargs={}, groups=None, refit=False, verbose=False, system=False, metrics=None, display=<pycaret.internal.Display.Display object at 0x7fcc809d8ee0>, kwargs={})
2021-12-20 15:59:29,023:INFO:Checking exceptions
2021-12-20 15:59:29,023:INFO:Importing libraries
2021-12-20 15:59:29,023:INFO:Copying training dataset
2021-12-20 15:59:29,025:INFO:Defining folds
2021-12-20 15:59:29,026:INFO:Declaring metric variables
2021-12-20 15:59:29,030:INFO:Importing untrained model
2021-12-20 15:59:29,035:INFO:Quadratic Discriminant Analysis Imported succesfully
2021-12-20 15:59:29,044:INFO:Starting cross validation
2021-12-20 15:59:29,045:INFO:Cross validating with StratifiedKFold(n_splits=10, random_state=234, shuffle=False), n_jobs=-1
2021-12-20 15:59:30,818:INFO:Calculating mean and std
2021-12-20 15:59:30,819:INFO:Creating metrics dataframe
2021-12-20 15:59:30,824:INFO:Uploading results into container
2021-12-20 15:59:30,824:INFO:Uploading model into container now
2021-12-20 15:59:30,824:INFO:create_model_container: 8
2021-12-20 15:59:30,824:INFO:master_model_container: 8
2021-12-20 15:59:30,824:INFO:display_container: 2
2021-12-20 15:59:30,825:INFO:QuadraticDiscriminantAnalysis(priors=None, reg_param=0.0,
                              store_covariance=False, tol=0.0001)
2021-12-20 15:59:30,825:INFO:create_model() succesfully completed......................................
2021-12-20 15:59:30,880:INFO:SubProcess create_model() end ==================================
2021-12-20 15:59:30,880:INFO:Creating metrics dataframe
2021-12-20 15:59:30,891:INFO:Initializing Ada Boost Classifier
2021-12-20 15:59:30,891:INFO:Total runtime is 0.9247512141863503 minutes
2021-12-20 15:59:30,896:INFO:SubProcess create_model() called ==================================
2021-12-20 15:59:30,896:INFO:Initializing create_model()
2021-12-20 15:59:30,896:INFO:create_model(estimator=ada, fold=StratifiedKFold(n_splits=10, random_state=234, shuffle=False), round=4, cross_validation=True, predict=True, fit_kwargs={}, groups=None, refit=False, verbose=False, system=False, metrics=None, display=<pycaret.internal.Display.Display object at 0x7fcc809d8ee0>, kwargs={})
2021-12-20 15:59:30,896:INFO:Checking exceptions
2021-12-20 15:59:30,896:INFO:Importing libraries
2021-12-20 15:59:30,896:INFO:Copying training dataset
2021-12-20 15:59:30,899:INFO:Defining folds
2021-12-20 15:59:30,899:INFO:Declaring metric variables
2021-12-20 15:59:30,904:INFO:Importing untrained model
2021-12-20 15:59:30,908:INFO:Ada Boost Classifier Imported succesfully
2021-12-20 15:59:30,917:INFO:Starting cross validation
2021-12-20 15:59:30,917:INFO:Cross validating with StratifiedKFold(n_splits=10, random_state=234, shuffle=False), n_jobs=-1
2021-12-20 15:59:36,003:INFO:Calculating mean and std
2021-12-20 15:59:36,004:INFO:Creating metrics dataframe
2021-12-20 15:59:36,009:INFO:Uploading results into container
2021-12-20 15:59:36,009:INFO:Uploading model into container now
2021-12-20 15:59:36,009:INFO:create_model_container: 9
2021-12-20 15:59:36,009:INFO:master_model_container: 9
2021-12-20 15:59:36,009:INFO:display_container: 2
2021-12-20 15:59:36,010:INFO:AdaBoostClassifier(algorithm='SAMME.R', base_estimator=None, learning_rate=1.0,
                   n_estimators=50, random_state=234)
2021-12-20 15:59:36,010:INFO:create_model() succesfully completed......................................
2021-12-20 15:59:36,063:INFO:SubProcess create_model() end ==================================
2021-12-20 15:59:36,064:INFO:Creating metrics dataframe
2021-12-20 15:59:36,075:INFO:Initializing Gradient Boosting Classifier
2021-12-20 15:59:36,075:INFO:Total runtime is 1.0111541469891865 minutes
2021-12-20 15:59:36,080:INFO:SubProcess create_model() called ==================================
2021-12-20 15:59:36,080:INFO:Initializing create_model()
2021-12-20 15:59:36,080:INFO:create_model(estimator=gbc, fold=StratifiedKFold(n_splits=10, random_state=234, shuffle=False), round=4, cross_validation=True, predict=True, fit_kwargs={}, groups=None, refit=False, verbose=False, system=False, metrics=None, display=<pycaret.internal.Display.Display object at 0x7fcc809d8ee0>, kwargs={})
2021-12-20 15:59:36,080:INFO:Checking exceptions
2021-12-20 15:59:36,080:INFO:Importing libraries
2021-12-20 15:59:36,080:INFO:Copying training dataset
2021-12-20 15:59:36,081:INFO:Defining folds
2021-12-20 15:59:36,081:INFO:Declaring metric variables
2021-12-20 15:59:36,085:INFO:Importing untrained model
2021-12-20 15:59:36,090:INFO:Gradient Boosting Classifier Imported succesfully
2021-12-20 15:59:36,099:INFO:Starting cross validation
2021-12-20 15:59:36,100:INFO:Cross validating with StratifiedKFold(n_splits=10, random_state=234, shuffle=False), n_jobs=-1
2021-12-20 15:59:55,244:INFO:Calculating mean and std
2021-12-20 15:59:55,245:INFO:Creating metrics dataframe
2021-12-20 15:59:55,251:INFO:Uploading results into container
2021-12-20 15:59:55,251:INFO:Uploading model into container now
2021-12-20 15:59:55,251:INFO:create_model_container: 10
2021-12-20 15:59:55,251:INFO:master_model_container: 10
2021-12-20 15:59:55,251:INFO:display_container: 2
2021-12-20 15:59:55,251:INFO:GradientBoostingClassifier(ccp_alpha=0.0, criterion='friedman_mse', init=None,
                           learning_rate=0.1, loss='deviance', max_depth=3,
                           max_features=None, max_leaf_nodes=None,
                           min_impurity_decrease=0.0, min_impurity_split=None,
                           min_samples_leaf=1, min_samples_split=2,
                           min_weight_fraction_leaf=0.0, n_estimators=100,
                           n_iter_no_change=None, presort='deprecated',
                           random_state=234, subsample=1.0, tol=0.0001,
                           validation_fraction=0.1, verbose=0,
                           warm_start=False)
2021-12-20 15:59:55,251:INFO:create_model() succesfully completed......................................
2021-12-20 15:59:55,306:INFO:SubProcess create_model() end ==================================
2021-12-20 15:59:55,306:INFO:Creating metrics dataframe
2021-12-20 15:59:55,318:INFO:Initializing Linear Discriminant Analysis
2021-12-20 15:59:55,318:INFO:Total runtime is 1.331874132156372 minutes
2021-12-20 15:59:55,323:INFO:SubProcess create_model() called ==================================
2021-12-20 15:59:55,323:INFO:Initializing create_model()
2021-12-20 15:59:55,323:INFO:create_model(estimator=lda, fold=StratifiedKFold(n_splits=10, random_state=234, shuffle=False), round=4, cross_validation=True, predict=True, fit_kwargs={}, groups=None, refit=False, verbose=False, system=False, metrics=None, display=<pycaret.internal.Display.Display object at 0x7fcc809d8ee0>, kwargs={})
2021-12-20 15:59:55,323:INFO:Checking exceptions
2021-12-20 15:59:55,323:INFO:Importing libraries
2021-12-20 15:59:55,323:INFO:Copying training dataset
2021-12-20 15:59:55,324:INFO:Defining folds
2021-12-20 15:59:55,324:INFO:Declaring metric variables
2021-12-20 15:59:55,329:INFO:Importing untrained model
2021-12-20 15:59:55,333:INFO:Linear Discriminant Analysis Imported succesfully
2021-12-20 15:59:55,343:INFO:Starting cross validation
2021-12-20 15:59:55,343:INFO:Cross validating with StratifiedKFold(n_splits=10, random_state=234, shuffle=False), n_jobs=-1
2021-12-20 15:59:58,067:INFO:Calculating mean and std
2021-12-20 15:59:58,070:INFO:Creating metrics dataframe
2021-12-20 15:59:58,077:INFO:Uploading results into container
2021-12-20 15:59:58,077:INFO:Uploading model into container now
2021-12-20 15:59:58,077:INFO:create_model_container: 11
2021-12-20 15:59:58,077:INFO:master_model_container: 11
2021-12-20 15:59:58,078:INFO:display_container: 2
2021-12-20 15:59:58,078:INFO:LinearDiscriminantAnalysis(n_components=None, priors=None, shrinkage=None,
                           solver='svd', store_covariance=False, tol=0.0001)
2021-12-20 15:59:58,078:INFO:create_model() succesfully completed......................................
2021-12-20 15:59:58,191:INFO:SubProcess create_model() end ==================================
2021-12-20 15:59:58,191:INFO:Creating metrics dataframe
2021-12-20 15:59:58,218:INFO:Initializing Extra Trees Classifier
2021-12-20 15:59:58,219:INFO:Total runtime is 1.3802098631858826 minutes
2021-12-20 15:59:58,235:INFO:SubProcess create_model() called ==================================
2021-12-20 15:59:58,235:INFO:Initializing create_model()
2021-12-20 15:59:58,235:INFO:create_model(estimator=et, fold=StratifiedKFold(n_splits=10, random_state=234, shuffle=False), round=4, cross_validation=True, predict=True, fit_kwargs={}, groups=None, refit=False, verbose=False, system=False, metrics=None, display=<pycaret.internal.Display.Display object at 0x7fcc809d8ee0>, kwargs={})
2021-12-20 15:59:58,236:INFO:Checking exceptions
2021-12-20 15:59:58,236:INFO:Importing libraries
2021-12-20 15:59:58,236:INFO:Copying training dataset
2021-12-20 15:59:58,239:INFO:Defining folds
2021-12-20 15:59:58,240:INFO:Declaring metric variables
2021-12-20 15:59:58,246:INFO:Importing untrained model
2021-12-20 15:59:58,253:INFO:Extra Trees Classifier Imported succesfully
2021-12-20 15:59:58,263:INFO:Starting cross validation
2021-12-20 15:59:58,263:INFO:Cross validating with StratifiedKFold(n_splits=10, random_state=234, shuffle=False), n_jobs=-1
2021-12-20 16:00:11,687:INFO:Calculating mean and std
2021-12-20 16:00:11,690:INFO:Creating metrics dataframe
2021-12-20 16:00:11,696:INFO:Uploading results into container
2021-12-20 16:00:11,696:INFO:Uploading model into container now
2021-12-20 16:00:11,696:INFO:create_model_container: 12
2021-12-20 16:00:11,696:INFO:master_model_container: 12
2021-12-20 16:00:11,696:INFO:display_container: 2
2021-12-20 16:00:11,697:INFO:ExtraTreesClassifier(bootstrap=False, ccp_alpha=0.0, class_weight=None,
                     criterion='gini', max_depth=None, max_features='auto',
                     max_leaf_nodes=None, max_samples=None,
                     min_impurity_decrease=0.0, min_impurity_split=None,
                     min_samples_leaf=1, min_samples_split=2,
                     min_weight_fraction_leaf=0.0, n_estimators=100, n_jobs=-1,
                     oob_score=False, random_state=234, verbose=0,
                     warm_start=False)
2021-12-20 16:00:11,697:INFO:create_model() succesfully completed......................................
2021-12-20 16:00:11,762:INFO:SubProcess create_model() end ==================================
2021-12-20 16:00:11,762:INFO:Creating metrics dataframe
2021-12-20 16:00:11,775:INFO:Initializing Extreme Gradient Boosting
2021-12-20 16:00:11,775:INFO:Total runtime is 1.6061580141385396 minutes
2021-12-20 16:00:11,780:INFO:SubProcess create_model() called ==================================
2021-12-20 16:00:11,780:INFO:Initializing create_model()
2021-12-20 16:00:11,780:INFO:create_model(estimator=xgboost, fold=StratifiedKFold(n_splits=10, random_state=234, shuffle=False), round=4, cross_validation=True, predict=True, fit_kwargs={}, groups=None, refit=False, verbose=False, system=False, metrics=None, display=<pycaret.internal.Display.Display object at 0x7fcc809d8ee0>, kwargs={})
2021-12-20 16:00:11,780:INFO:Checking exceptions
2021-12-20 16:00:11,780:INFO:Importing libraries
2021-12-20 16:00:11,780:INFO:Copying training dataset
2021-12-20 16:00:11,783:INFO:Defining folds
2021-12-20 16:00:11,783:INFO:Declaring metric variables
2021-12-20 16:00:11,787:INFO:Importing untrained model
2021-12-20 16:00:11,792:INFO:Extreme Gradient Boosting Imported succesfully
2021-12-20 16:00:11,801:INFO:Starting cross validation
2021-12-20 16:00:11,802:WARNING:create_model() for xgboost raised an exception or returned all 0.0, trying without fit_kwargs:
2021-12-20 16:00:11,806:WARNING:Traceback (most recent call last):
  File "/Applications/anaconda3/lib/python3.8/site-packages/pycaret/internal/pipeline.py", line 217, in add_estimator_to_pipeline
    assert hasattr(pipeline._final_estimator, "predict")
AssertionError

During handling of the above exception, another exception occurred:

Traceback (most recent call last):
  File "/Applications/anaconda3/lib/python3.8/site-packages/pycaret/internal/tabular.py", line 2141, in compare_models
    model, model_fit_time = create_model_supervised(
  File "/Applications/anaconda3/lib/python3.8/site-packages/pycaret/internal/tabular.py", line 3085, in create_model_supervised
    with estimator_pipeline(_internal_pipeline, model) as pipeline_with_model:
  File "/Applications/anaconda3/lib/python3.8/site-packages/pycaret/internal/pipeline.py", line 199, in __enter__
    add_estimator_to_pipeline(self.pipeline, self.estimator)
  File "/Applications/anaconda3/lib/python3.8/site-packages/pycaret/internal/pipeline.py", line 222, in add_estimator_to_pipeline
    pipeline._carry_over_final_estimator_fit_vars()
  File "/Applications/anaconda3/lib/python3.8/site-packages/pycaret/internal/pipeline.py", line 57, in _carry_over_final_estimator_fit_vars
    for k, v in get_all_object_vars_and_properties(
  File "/Applications/anaconda3/lib/python3.8/site-packages/pycaret/internal/utils.py", line 569, in get_all_object_vars_and_properties
    return {
  File "/Applications/anaconda3/lib/python3.8/site-packages/pycaret/internal/utils.py", line 572, in <dictcomp>
    if k[:2] != "__" and type(getattr(object, k, "")).__name__ != "method"
  File "/Applications/anaconda3/lib/python3.8/site-packages/xgboost/sklearn.py", line 687, in feature_importances_
    b = self.get_booster()
  File "/Applications/anaconda3/lib/python3.8/site-packages/xgboost/sklearn.py", line 261, in get_booster
    raise XGBoostError('need to call fit or load_model beforehand')
xgboost.core.XGBoostError: need to call fit or load_model beforehand

2021-12-20 16:00:11,807:INFO:Initializing create_model()
2021-12-20 16:00:11,807:INFO:create_model(estimator=xgboost, fold=StratifiedKFold(n_splits=10, random_state=234, shuffle=False), round=4, cross_validation=True, predict=True, fit_kwargs=None, groups=None, refit=False, verbose=False, system=False, metrics=None, display=<pycaret.internal.Display.Display object at 0x7fcc809d8ee0>, kwargs={})
2021-12-20 16:00:11,807:INFO:Checking exceptions
2021-12-20 16:00:11,807:INFO:Importing libraries
2021-12-20 16:00:11,807:INFO:Copying training dataset
2021-12-20 16:00:11,809:INFO:Defining folds
2021-12-20 16:00:11,810:INFO:Declaring metric variables
2021-12-20 16:00:11,814:INFO:Importing untrained model
2021-12-20 16:00:11,819:INFO:Extreme Gradient Boosting Imported succesfully
2021-12-20 16:00:11,828:INFO:Starting cross validation
2021-12-20 16:00:11,828:ERROR:create_model() for xgboost raised an exception:
2021-12-20 16:00:11,829:ERROR:Traceback (most recent call last):
  File "/Applications/anaconda3/lib/python3.8/site-packages/pycaret/internal/pipeline.py", line 217, in add_estimator_to_pipeline
    assert hasattr(pipeline._final_estimator, "predict")
AssertionError

During handling of the above exception, another exception occurred:

Traceback (most recent call last):
  File "/Applications/anaconda3/lib/python3.8/site-packages/pycaret/internal/tabular.py", line 2141, in compare_models
    model, model_fit_time = create_model_supervised(
  File "/Applications/anaconda3/lib/python3.8/site-packages/pycaret/internal/tabular.py", line 3085, in create_model_supervised
    with estimator_pipeline(_internal_pipeline, model) as pipeline_with_model:
  File "/Applications/anaconda3/lib/python3.8/site-packages/pycaret/internal/pipeline.py", line 199, in __enter__
    add_estimator_to_pipeline(self.pipeline, self.estimator)
  File "/Applications/anaconda3/lib/python3.8/site-packages/pycaret/internal/pipeline.py", line 222, in add_estimator_to_pipeline
    pipeline._carry_over_final_estimator_fit_vars()
  File "/Applications/anaconda3/lib/python3.8/site-packages/pycaret/internal/pipeline.py", line 57, in _carry_over_final_estimator_fit_vars
    for k, v in get_all_object_vars_and_properties(
  File "/Applications/anaconda3/lib/python3.8/site-packages/pycaret/internal/utils.py", line 569, in get_all_object_vars_and_properties
    return {
  File "/Applications/anaconda3/lib/python3.8/site-packages/pycaret/internal/utils.py", line 572, in <dictcomp>
    if k[:2] != "__" and type(getattr(object, k, "")).__name__ != "method"
  File "/Applications/anaconda3/lib/python3.8/site-packages/xgboost/sklearn.py", line 687, in feature_importances_
    b = self.get_booster()
  File "/Applications/anaconda3/lib/python3.8/site-packages/xgboost/sklearn.py", line 261, in get_booster
    raise XGBoostError('need to call fit or load_model beforehand')
xgboost.core.XGBoostError: need to call fit or load_model beforehand

During handling of the above exception, another exception occurred:

Traceback (most recent call last):
  File "/Applications/anaconda3/lib/python3.8/site-packages/pycaret/internal/pipeline.py", line 217, in add_estimator_to_pipeline
    assert hasattr(pipeline._final_estimator, "predict")
AssertionError

During handling of the above exception, another exception occurred:

Traceback (most recent call last):
  File "/Applications/anaconda3/lib/python3.8/site-packages/pycaret/internal/tabular.py", line 2161, in compare_models
    model, model_fit_time = create_model_supervised(
  File "/Applications/anaconda3/lib/python3.8/site-packages/pycaret/internal/tabular.py", line 3085, in create_model_supervised
    with estimator_pipeline(_internal_pipeline, model) as pipeline_with_model:
  File "/Applications/anaconda3/lib/python3.8/site-packages/pycaret/internal/pipeline.py", line 199, in __enter__
    add_estimator_to_pipeline(self.pipeline, self.estimator)
  File "/Applications/anaconda3/lib/python3.8/site-packages/pycaret/internal/pipeline.py", line 222, in add_estimator_to_pipeline
    pipeline._carry_over_final_estimator_fit_vars()
  File "/Applications/anaconda3/lib/python3.8/site-packages/pycaret/internal/pipeline.py", line 57, in _carry_over_final_estimator_fit_vars
    for k, v in get_all_object_vars_and_properties(
  File "/Applications/anaconda3/lib/python3.8/site-packages/pycaret/internal/utils.py", line 569, in get_all_object_vars_and_properties
    return {
  File "/Applications/anaconda3/lib/python3.8/site-packages/pycaret/internal/utils.py", line 572, in <dictcomp>
    if k[:2] != "__" and type(getattr(object, k, "")).__name__ != "method"
  File "/Applications/anaconda3/lib/python3.8/site-packages/xgboost/sklearn.py", line 687, in feature_importances_
    b = self.get_booster()
  File "/Applications/anaconda3/lib/python3.8/site-packages/xgboost/sklearn.py", line 261, in get_booster
    raise XGBoostError('need to call fit or load_model beforehand')
xgboost.core.XGBoostError: need to call fit or load_model beforehand

2021-12-20 16:00:11,829:INFO:Initializing Light Gradient Boosting Machine
2021-12-20 16:00:11,829:INFO:Total runtime is 1.6070542454719543 minutes
2021-12-20 16:00:11,834:INFO:SubProcess create_model() called ==================================
2021-12-20 16:00:11,835:INFO:Initializing create_model()
2021-12-20 16:00:11,835:INFO:create_model(estimator=lightgbm, fold=StratifiedKFold(n_splits=10, random_state=234, shuffle=False), round=4, cross_validation=True, predict=True, fit_kwargs={}, groups=None, refit=False, verbose=False, system=False, metrics=None, display=<pycaret.internal.Display.Display object at 0x7fcc809d8ee0>, kwargs={})
2021-12-20 16:00:11,835:INFO:Checking exceptions
2021-12-20 16:00:11,835:INFO:Importing libraries
2021-12-20 16:00:11,835:INFO:Copying training dataset
2021-12-20 16:00:11,838:INFO:Defining folds
2021-12-20 16:00:11,838:INFO:Declaring metric variables
2021-12-20 16:00:11,843:INFO:Importing untrained model
2021-12-20 16:00:11,847:INFO:Light Gradient Boosting Machine Imported succesfully
2021-12-20 16:00:11,856:INFO:Starting cross validation
2021-12-20 16:00:11,857:INFO:Cross validating with StratifiedKFold(n_splits=10, random_state=234, shuffle=False), n_jobs=-1
2021-12-20 16:00:17,804:INFO:Calculating mean and std
2021-12-20 16:00:17,805:INFO:Creating metrics dataframe
2021-12-20 16:00:17,810:INFO:Uploading results into container
2021-12-20 16:00:17,810:INFO:Uploading model into container now
2021-12-20 16:00:17,811:INFO:create_model_container: 13
2021-12-20 16:00:17,811:INFO:master_model_container: 13
2021-12-20 16:00:17,811:INFO:display_container: 2
2021-12-20 16:00:17,811:INFO:LGBMClassifier(boosting_type='gbdt', class_weight=None, colsample_bytree=1.0,
               importance_type='split', learning_rate=0.1, max_depth=-1,
               min_child_samples=20, min_child_weight=0.001, min_split_gain=0.0,
               n_estimators=100, n_jobs=-1, num_leaves=31, objective=None,
               random_state=234, reg_alpha=0.0, reg_lambda=0.0, silent=True,
               subsample=1.0, subsample_for_bin=200000, subsample_freq=0)
2021-12-20 16:00:17,811:INFO:create_model() succesfully completed......................................
2021-12-20 16:00:17,867:INFO:SubProcess create_model() end ==================================
2021-12-20 16:00:17,867:INFO:Creating metrics dataframe
2021-12-20 16:00:17,880:INFO:Initializing CatBoost Classifier
2021-12-20 16:00:17,880:INFO:Total runtime is 1.7078956325848897 minutes
2021-12-20 16:00:17,884:INFO:SubProcess create_model() called ==================================
2021-12-20 16:00:17,884:INFO:Initializing create_model()
2021-12-20 16:00:17,884:INFO:create_model(estimator=catboost, fold=StratifiedKFold(n_splits=10, random_state=234, shuffle=False), round=4, cross_validation=True, predict=True, fit_kwargs={}, groups=None, refit=False, verbose=False, system=False, metrics=None, display=<pycaret.internal.Display.Display object at 0x7fcc809d8ee0>, kwargs={})
2021-12-20 16:00:17,884:INFO:Checking exceptions
2021-12-20 16:00:17,885:INFO:Importing libraries
2021-12-20 16:00:17,885:INFO:Copying training dataset
2021-12-20 16:00:17,886:INFO:Defining folds
2021-12-20 16:00:17,886:INFO:Declaring metric variables
2021-12-20 16:00:17,890:INFO:Importing untrained model
2021-12-20 16:00:17,895:INFO:CatBoost Classifier Imported succesfully
2021-12-20 16:00:17,904:INFO:Starting cross validation
2021-12-20 16:00:17,904:INFO:Cross validating with StratifiedKFold(n_splits=10, random_state=234, shuffle=False), n_jobs=-1
2021-12-20 16:01:14,075:INFO:Calculating mean and std
2021-12-20 16:01:14,078:INFO:Creating metrics dataframe
2021-12-20 16:01:14,082:INFO:Uploading results into container
2021-12-20 16:01:14,082:INFO:Uploading model into container now
2021-12-20 16:01:14,082:INFO:create_model_container: 14
2021-12-20 16:01:14,082:INFO:master_model_container: 14
2021-12-20 16:01:14,082:INFO:display_container: 2
2021-12-20 16:01:14,082:INFO:<catboost.core.CatBoostClassifier object at 0x7fcc94229d90>
2021-12-20 16:01:14,082:INFO:create_model() succesfully completed......................................
2021-12-20 16:01:14,150:INFO:SubProcess create_model() end ==================================
2021-12-20 16:01:14,150:INFO:Creating metrics dataframe
2021-12-20 16:01:14,174:INFO:Initializing create_model()
2021-12-20 16:01:14,174:INFO:create_model(estimator=LGBMClassifier(boosting_type='gbdt', class_weight=None, colsample_bytree=1.0,
               importance_type='split', learning_rate=0.1, max_depth=-1,
               min_child_samples=20, min_child_weight=0.001, min_split_gain=0.0,
               n_estimators=100, n_jobs=-1, num_leaves=31, objective=None,
               random_state=234, reg_alpha=0.0, reg_lambda=0.0, silent=True,
               subsample=1.0, subsample_for_bin=200000, subsample_freq=0), fold=StratifiedKFold(n_splits=10, random_state=234, shuffle=False), round=4, cross_validation=False, predict=False, fit_kwargs={}, groups=None, refit=True, verbose=False, system=False, metrics=None, display=None, kwargs={})
2021-12-20 16:01:14,174:INFO:Checking exceptions
2021-12-20 16:01:14,174:INFO:Importing libraries
2021-12-20 16:01:14,174:INFO:Copying training dataset
2021-12-20 16:01:14,177:INFO:Defining folds
2021-12-20 16:01:14,177:INFO:Declaring metric variables
2021-12-20 16:01:14,177:INFO:Importing untrained model
2021-12-20 16:01:14,177:INFO:Declaring custom model
2021-12-20 16:01:14,177:INFO:Light Gradient Boosting Machine Imported succesfully
2021-12-20 16:01:14,178:INFO:Cross validation set to False
2021-12-20 16:01:14,178:INFO:Fitting Model
2021-12-20 16:01:15,463:INFO:LGBMClassifier(boosting_type='gbdt', class_weight=None, colsample_bytree=1.0,
               importance_type='split', learning_rate=0.1, max_depth=-1,
               min_child_samples=20, min_child_weight=0.001, min_split_gain=0.0,
               n_estimators=100, n_jobs=-1, num_leaves=31, objective=None,
               random_state=234, reg_alpha=0.0, reg_lambda=0.0, silent=True,
               subsample=1.0, subsample_for_bin=200000, subsample_freq=0)
2021-12-20 16:01:15,463:INFO:create_models() succesfully completed......................................
2021-12-20 16:01:15,519:INFO:Initializing create_model()
2021-12-20 16:01:15,519:INFO:create_model(estimator=<catboost.core.CatBoostClassifier object at 0x7fcc94229d90>, fold=StratifiedKFold(n_splits=10, random_state=234, shuffle=False), round=4, cross_validation=False, predict=False, fit_kwargs={}, groups=None, refit=True, verbose=False, system=False, metrics=None, display=None, kwargs={})
2021-12-20 16:01:15,520:INFO:Checking exceptions
2021-12-20 16:01:15,520:INFO:Importing libraries
2021-12-20 16:01:15,520:INFO:Copying training dataset
2021-12-20 16:01:15,521:INFO:Defining folds
2021-12-20 16:01:15,521:INFO:Declaring metric variables
2021-12-20 16:01:15,521:INFO:Importing untrained model
2021-12-20 16:01:15,521:INFO:Declaring custom model
2021-12-20 16:01:15,521:INFO:CatBoost Classifier Imported succesfully
2021-12-20 16:01:15,522:INFO:Cross validation set to False
2021-12-20 16:01:15,522:INFO:Fitting Model
2021-12-20 16:01:24,866:INFO:<catboost.core.CatBoostClassifier object at 0x7fcc81c12cd0>
2021-12-20 16:01:24,866:INFO:create_models() succesfully completed......................................
2021-12-20 16:01:24,922:INFO:Initializing create_model()
2021-12-20 16:01:24,922:INFO:create_model(estimator=LogisticRegression(C=1.0, class_weight=None, dual=False, fit_intercept=True,
                   intercept_scaling=1, l1_ratio=None, max_iter=1000,
                   multi_class='auto', n_jobs=None, penalty='l2',
                   random_state=234, solver='lbfgs', tol=0.0001, verbose=0,
                   warm_start=False), fold=StratifiedKFold(n_splits=10, random_state=234, shuffle=False), round=4, cross_validation=False, predict=False, fit_kwargs={}, groups=None, refit=True, verbose=False, system=False, metrics=None, display=None, kwargs={})
2021-12-20 16:01:24,922:INFO:Checking exceptions
2021-12-20 16:01:24,922:INFO:Importing libraries
2021-12-20 16:01:24,922:INFO:Copying training dataset
2021-12-20 16:01:24,923:INFO:Defining folds
2021-12-20 16:01:24,923:INFO:Declaring metric variables
2021-12-20 16:01:24,923:INFO:Importing untrained model
2021-12-20 16:01:24,923:INFO:Declaring custom model
2021-12-20 16:01:24,923:INFO:Logistic Regression Imported succesfully
2021-12-20 16:01:24,923:INFO:Cross validation set to False
2021-12-20 16:01:24,923:INFO:Fitting Model
2021-12-20 16:01:27,105:INFO:LogisticRegression(C=1.0, class_weight=None, dual=False, fit_intercept=True,
                   intercept_scaling=1, l1_ratio=None, max_iter=1000,
                   multi_class='auto', n_jobs=None, penalty='l2',
                   random_state=234, solver='lbfgs', tol=0.0001, verbose=0,
                   warm_start=False)
2021-12-20 16:01:27,105:INFO:create_models() succesfully completed......................................
2021-12-20 16:01:27,160:INFO:Initializing create_model()
2021-12-20 16:01:27,160:INFO:create_model(estimator=LinearDiscriminantAnalysis(n_components=None, priors=None, shrinkage=None,
                           solver='svd', store_covariance=False, tol=0.0001), fold=StratifiedKFold(n_splits=10, random_state=234, shuffle=False), round=4, cross_validation=False, predict=False, fit_kwargs={}, groups=None, refit=True, verbose=False, system=False, metrics=None, display=None, kwargs={})
2021-12-20 16:01:27,160:INFO:Checking exceptions
2021-12-20 16:01:27,160:INFO:Importing libraries
2021-12-20 16:01:27,160:INFO:Copying training dataset
2021-12-20 16:01:27,161:INFO:Defining folds
2021-12-20 16:01:27,161:INFO:Declaring metric variables
2021-12-20 16:01:27,161:INFO:Importing untrained model
2021-12-20 16:01:27,161:INFO:Declaring custom model
2021-12-20 16:01:27,161:INFO:Linear Discriminant Analysis Imported succesfully
2021-12-20 16:01:27,161:INFO:Cross validation set to False
2021-12-20 16:01:27,161:INFO:Fitting Model
2021-12-20 16:01:27,760:INFO:LinearDiscriminantAnalysis(n_components=None, priors=None, shrinkage=None,
                           solver='svd', store_covariance=False, tol=0.0001)
2021-12-20 16:01:27,760:INFO:create_models() succesfully completed......................................
2021-12-20 16:01:27,817:INFO:Initializing create_model()
2021-12-20 16:01:27,817:INFO:create_model(estimator=GradientBoostingClassifier(ccp_alpha=0.0, criterion='friedman_mse', init=None,
                           learning_rate=0.1, loss='deviance', max_depth=3,
                           max_features=None, max_leaf_nodes=None,
                           min_impurity_decrease=0.0, min_impurity_split=None,
                           min_samples_leaf=1, min_samples_split=2,
                           min_weight_fraction_leaf=0.0, n_estimators=100,
                           n_iter_no_change=None, presort='deprecated',
                           random_state=234, subsample=1.0, tol=0.0001,
                           validation_fraction=0.1, verbose=0,
                           warm_start=False), fold=StratifiedKFold(n_splits=10, random_state=234, shuffle=False), round=4, cross_validation=False, predict=False, fit_kwargs={}, groups=None, refit=True, verbose=False, system=False, metrics=None, display=None, kwargs={})
2021-12-20 16:01:27,817:INFO:Checking exceptions
2021-12-20 16:01:27,818:INFO:Importing libraries
2021-12-20 16:01:27,818:INFO:Copying training dataset
2021-12-20 16:01:27,818:INFO:Defining folds
2021-12-20 16:01:27,818:INFO:Declaring metric variables
2021-12-20 16:01:27,818:INFO:Importing untrained model
2021-12-20 16:01:27,818:INFO:Declaring custom model
2021-12-20 16:01:27,819:INFO:Gradient Boosting Classifier Imported succesfully
2021-12-20 16:01:27,819:INFO:Cross validation set to False
2021-12-20 16:01:27,819:INFO:Fitting Model
2021-12-20 16:01:36,201:INFO:GradientBoostingClassifier(ccp_alpha=0.0, criterion='friedman_mse', init=None,
                           learning_rate=0.1, loss='deviance', max_depth=3,
                           max_features=None, max_leaf_nodes=None,
                           min_impurity_decrease=0.0, min_impurity_split=None,
                           min_samples_leaf=1, min_samples_split=2,
                           min_weight_fraction_leaf=0.0, n_estimators=100,
                           n_iter_no_change=None, presort='deprecated',
                           random_state=234, subsample=1.0, tol=0.0001,
                           validation_fraction=0.1, verbose=0,
                           warm_start=False)
2021-12-20 16:01:36,201:INFO:create_models() succesfully completed......................................
2021-12-20 16:01:36,274:INFO:create_model_container: 14
2021-12-20 16:01:36,274:INFO:master_model_container: 14
2021-12-20 16:01:36,274:INFO:display_container: 2
2021-12-20 16:01:36,275:INFO:[LGBMClassifier(boosting_type='gbdt', class_weight=None, colsample_bytree=1.0,
               importance_type='split', learning_rate=0.1, max_depth=-1,
               min_child_samples=20, min_child_weight=0.001, min_split_gain=0.0,
               n_estimators=100, n_jobs=-1, num_leaves=31, objective=None,
               random_state=234, reg_alpha=0.0, reg_lambda=0.0, silent=True,
               subsample=1.0, subsample_for_bin=200000, subsample_freq=0), <catboost.core.CatBoostClassifier object at 0x7fcc81c12cd0>, LogisticRegression(C=1.0, class_weight=None, dual=False, fit_intercept=True,
                   intercept_scaling=1, l1_ratio=None, max_iter=1000,
                   multi_class='auto', n_jobs=None, penalty='l2',
                   random_state=234, solver='lbfgs', tol=0.0001, verbose=0,
                   warm_start=False), LinearDiscriminantAnalysis(n_components=None, priors=None, shrinkage=None,
                           solver='svd', store_covariance=False, tol=0.0001), GradientBoostingClassifier(ccp_alpha=0.0, criterion='friedman_mse', init=None,
                           learning_rate=0.1, loss='deviance', max_depth=3,
                           max_features=None, max_leaf_nodes=None,
                           min_impurity_decrease=0.0, min_impurity_split=None,
                           min_samples_leaf=1, min_samples_split=2,
                           min_weight_fraction_leaf=0.0, n_estimators=100,
                           n_iter_no_change=None, presort='deprecated',
                           random_state=234, subsample=1.0, tol=0.0001,
                           validation_fraction=0.1, verbose=0,
                           warm_start=False)]
2021-12-20 16:01:36,275:INFO:compare_models() succesfully completed......................................
2021-12-20 16:02:52,762:INFO:Initializing create_model()
2021-12-20 16:02:52,762:INFO:create_model(estimator=lightgbm, fold=None, round=4, cross_validation=True, predict=True, fit_kwargs=None, groups=None, refit=True, verbose=True, system=True, metrics=None, display=None, kwargs={})
2021-12-20 16:02:52,763:INFO:Checking exceptions
2021-12-20 16:02:52,763:INFO:Preparing display monitor
2021-12-20 16:02:52,790:INFO:Importing libraries
2021-12-20 16:02:52,790:INFO:Copying training dataset
2021-12-20 16:02:52,792:INFO:Defining folds
2021-12-20 16:02:52,792:INFO:Declaring metric variables
2021-12-20 16:02:52,797:INFO:Importing untrained model
2021-12-20 16:02:52,803:INFO:Light Gradient Boosting Machine Imported succesfully
2021-12-20 16:02:52,814:INFO:Starting cross validation
2021-12-20 16:02:52,814:INFO:Cross validating with StratifiedKFold(n_splits=10, random_state=234, shuffle=False), n_jobs=-1
2021-12-20 16:02:58,392:INFO:Calculating mean and std
2021-12-20 16:02:58,393:INFO:Creating metrics dataframe
2021-12-20 16:02:58,401:INFO:Finalizing model
2021-12-20 16:02:59,539:INFO:Uploading results into container
2021-12-20 16:02:59,539:INFO:Uploading model into container now
2021-12-20 16:02:59,548:INFO:create_model_container: 15
2021-12-20 16:02:59,549:INFO:master_model_container: 15
2021-12-20 16:02:59,549:INFO:display_container: 3
2021-12-20 16:02:59,549:INFO:LGBMClassifier(boosting_type='gbdt', class_weight=None, colsample_bytree=1.0,
               importance_type='split', learning_rate=0.1, max_depth=-1,
               min_child_samples=20, min_child_weight=0.001, min_split_gain=0.0,
               n_estimators=100, n_jobs=-1, num_leaves=31, objective=None,
               random_state=234, reg_alpha=0.0, reg_lambda=0.0, silent=True,
               subsample=1.0, subsample_for_bin=200000, subsample_freq=0)
2021-12-20 16:02:59,549:INFO:create_model() succesfully completed......................................
2021-12-20 16:03:07,412:INFO:Initializing tune_model()
2021-12-20 16:03:07,413:INFO:tune_model(estimator=LGBMClassifier(boosting_type='gbdt', class_weight=None, colsample_bytree=1.0,
               importance_type='split', learning_rate=0.1, max_depth=-1,
               min_child_samples=20, min_child_weight=0.001, min_split_gain=0.0,
               n_estimators=100, n_jobs=-1, num_leaves=31, objective=None,
               random_state=234, reg_alpha=0.0, reg_lambda=0.0, silent=True,
               subsample=1.0, subsample_for_bin=200000, subsample_freq=0), fold=None, round=4, n_iter=10, custom_grid=None, optimize=AUC, custom_scorer=None, search_library=scikit-learn, search_algorithm=None, early_stopping=False, early_stopping_max_iters=10, choose_better=False, fit_kwargs=None, groups=None, return_tuner=False, verbose=True, tuner_verbose=True, display=None, kwargs={})
2021-12-20 16:03:07,413:INFO:Checking exceptions
2021-12-20 16:03:07,416:INFO:Preparing display monitor
2021-12-20 16:03:07,439:INFO:Copying training dataset
2021-12-20 16:03:07,441:INFO:Checking base model
2021-12-20 16:03:07,441:INFO:Base model : Light Gradient Boosting Machine
2021-12-20 16:03:07,448:INFO:Declaring metric variables
2021-12-20 16:03:07,453:INFO:Defining Hyperparameters
2021-12-20 16:03:07,511:INFO:Tuning with n_jobs=-1
2021-12-20 16:03:07,511:INFO:Initializing RandomizedSearchCV
2021-12-20 16:04:03,862:INFO:best_params: {'actual_estimator__reg_lambda': 5, 'actual_estimator__reg_alpha': 10, 'actual_estimator__num_leaves': 10, 'actual_estimator__n_estimators': 270, 'actual_estimator__min_split_gain': 0.1, 'actual_estimator__min_child_samples': 40, 'actual_estimator__learning_rate': 0.239, 'actual_estimator__feature_fraction': 0.5, 'actual_estimator__bagging_freq': 7, 'actual_estimator__bagging_fraction': 0.5}
2021-12-20 16:04:03,864:INFO:Random search completed
2021-12-20 16:04:03,864:INFO:SubProcess create_model() called ==================================
2021-12-20 16:04:03,865:INFO:Initializing create_model()
2021-12-20 16:04:03,865:INFO:create_model(estimator=LGBMClassifier(boosting_type='gbdt', class_weight=None, colsample_bytree=1.0,
               importance_type='split', learning_rate=0.1, max_depth=-1,
               min_child_samples=20, min_child_weight=0.001, min_split_gain=0.0,
               n_estimators=100, n_jobs=-1, num_leaves=31, objective=None,
               random_state=234, reg_alpha=0.0, reg_lambda=0.0, silent=True,
               subsample=1.0, subsample_for_bin=200000, subsample_freq=0), fold=StratifiedKFold(n_splits=10, random_state=234, shuffle=False), round=4, cross_validation=True, predict=True, fit_kwargs={}, groups=None, refit=True, verbose=True, system=False, metrics=None, display=<pycaret.internal.Display.Display object at 0x7fcc713d73d0>, kwargs={'reg_lambda': 5, 'reg_alpha': 10, 'num_leaves': 10, 'n_estimators': 270, 'min_split_gain': 0.1, 'min_child_samples': 40, 'learning_rate': 0.239, 'feature_fraction': 0.5, 'bagging_freq': 7, 'bagging_fraction': 0.5})
2021-12-20 16:04:03,865:INFO:Checking exceptions
2021-12-20 16:04:03,865:INFO:Importing libraries
2021-12-20 16:04:03,865:INFO:Copying training dataset
2021-12-20 16:04:03,870:INFO:Defining folds
2021-12-20 16:04:03,870:INFO:Declaring metric variables
2021-12-20 16:04:03,878:INFO:Importing untrained model
2021-12-20 16:04:03,878:INFO:Declaring custom model
2021-12-20 16:04:03,885:INFO:Light Gradient Boosting Machine Imported succesfully
2021-12-20 16:04:03,895:INFO:Starting cross validation
2021-12-20 16:04:03,896:INFO:Cross validating with StratifiedKFold(n_splits=10, random_state=234, shuffle=False), n_jobs=-1
2021-12-20 16:04:09,529:INFO:Calculating mean and std
2021-12-20 16:04:09,531:INFO:Creating metrics dataframe
2021-12-20 16:04:09,546:INFO:Finalizing model
2021-12-20 16:04:10,575:INFO:Uploading results into container
2021-12-20 16:04:10,575:INFO:Uploading model into container now
2021-12-20 16:04:10,575:INFO:create_model_container: 16
2021-12-20 16:04:10,575:INFO:master_model_container: 16
2021-12-20 16:04:10,575:INFO:display_container: 4
2021-12-20 16:04:10,576:INFO:LGBMClassifier(bagging_fraction=0.5, bagging_freq=7, boosting_type='gbdt',
               class_weight=None, colsample_bytree=1.0, feature_fraction=0.5,
               importance_type='split', learning_rate=0.239, max_depth=-1,
               min_child_samples=40, min_child_weight=0.001, min_split_gain=0.1,
               n_estimators=270, n_jobs=-1, num_leaves=10, objective=None,
               random_state=234, reg_alpha=10, reg_lambda=5, silent=True,
               subsample=1.0, subsample_for_bin=200000, subsample_freq=0)
2021-12-20 16:04:10,576:INFO:create_model() succesfully completed......................................
2021-12-20 16:04:10,641:INFO:SubProcess create_model() end ==================================
2021-12-20 16:04:10,651:INFO:create_model_container: 16
2021-12-20 16:04:10,651:INFO:master_model_container: 16
2021-12-20 16:04:10,651:INFO:display_container: 4
2021-12-20 16:04:10,651:INFO:LGBMClassifier(bagging_fraction=0.5, bagging_freq=7, boosting_type='gbdt',
               class_weight=None, colsample_bytree=1.0, feature_fraction=0.5,
               importance_type='split', learning_rate=0.239, max_depth=-1,
               min_child_samples=40, min_child_weight=0.001, min_split_gain=0.1,
               n_estimators=270, n_jobs=-1, num_leaves=10, objective=None,
               random_state=234, reg_alpha=10, reg_lambda=5, silent=True,
               subsample=1.0, subsample_for_bin=200000, subsample_freq=0)
2021-12-20 16:04:10,651:INFO:tune_model() succesfully completed......................................
